This file contains any messages produced by compilers while
running configure, to aid debugging if configure makes a mistake.

It was created by lpsolve configure 5.5.2.3, which was
generated by GNU Autoconf 2.59.  Invocation command line was

  $ configure 

## --------- ##
## Platform. ##
## --------- ##

hostname = hyperion
uname -m = x86_64
uname -r = 5.4.60-2-MANJARO
uname -s = Linux
uname -v = #1 SMP PREEMPT Sat Aug 22 14:35:41 UTC 2020

/usr/bin/uname -p = unknown
/bin/uname -X     = unknown

/bin/arch              = unknown
/usr/bin/arch -k       = unknown
/usr/convex/getsysinfo = unknown
hostinfo               = unknown
/bin/machine           = unknown
/usr/bin/oslevel       = unknown
/bin/universe          = unknown

PATH: .
PATH: /home/maxence/.opam/4.07.0/bin
PATH: .
PATH: .
PATH: .
PATH: .
PATH: .
PATH: .
PATH: .
PATH: .
PATH: .
PATH: /usr/lib/ccache/bin
PATH: /home/maxence/.scripts
PATH: /home/maxence/.yarn/bin
PATH: /home/maxence/.local/bin
PATH: /opt/miniconda3/condabin
PATH: /usr/local/bin
PATH: /usr/bin
PATH: /bin
PATH: /usr/local/sbin
PATH: /usr/lib/jvm/default/bin
PATH: /usr/bin/site_perl
PATH: /usr/bin/vendor_perl
PATH: /usr/bin/core_perl
PATH: /home/maxence/ext/plantri
PATH: /home/maxence/.local/bin


## ----------- ##
## Core tests. ##
## ----------- ##

configure:1277: error: cannot find install-sh or install.sh in . ./.. ./../..

## ---------------- ##
## Cache variables. ##
## ---------------- ##

ac_cv_env_CC_set=
ac_cv_env_CC_value=
ac_cv_env_CFLAGS_set=
ac_cv_env_CFLAGS_value=
ac_cv_env_CPPFLAGS_set=
ac_cv_env_CPPFLAGS_value=
ac_cv_env_LDFLAGS_set=
ac_cv_env_LDFLAGS_value=
ac_cv_env_build_alias_set=
ac_cv_env_build_alias_value=
ac_cv_env_host_alias_set=
ac_cv_env_host_alias_value=
ac_cv_env_target_alias_set=
ac_cv_env_target_alias_value=

## ----------------- ##
## Output variables. ##
## ----------------- ##

CC=''
CCSHARED=''
CFLAGS=''
CPPFLAGS=''
DEF=''
DEFS=''
ECHO_C=''
ECHO_N='-n'
ECHO_T=''
EXEEXT=''
INSTALL_DATA=''
INSTALL_PROGRAM=''
INSTALL_SCRIPT=''
LDFLAGS=''
LIBOBJS=''
LIBS=''
LTLIBOBJS=''
OBJEXT=''
PACKAGE_BUGREPORT=''
PACKAGE_NAME='lpsolve'
PACKAGE_STRING='lpsolve 5.5.2.3'
PACKAGE_TARNAME='lpsolve'
PACKAGE_VERSION='5.5.2.3'
PATH_SEPARATOR=':'
SHARED_LIB=''
SHELL='/bin/sh'
SO=''
ac_ct_CC=''
bindir='${exec_prefix}/bin'
build=''
build_alias=''
build_cpu=''
build_os=''
build_vendor=''
datadir='${prefix}/share'
exec_prefix='NONE'
host=''
host_alias=''
host_cpu=''
host_os=''
host_vendor=''
includedir='${prefix}/include'
infodir='${prefix}/info'
libdir='${exec_prefix}/lib'
libexecdir='${exec_prefix}/libexec'
localstatedir='${prefix}/var'
mandir='${prefix}/man'
oldincludedir='/usr/include'
prefix='NONE'
program_transform_name='s,x,x,'
sbindir='${exec_prefix}/sbin'
sharedstatedir='${prefix}/com'
sysconfdir='${prefix}/etc'
target_alias=''

## ----------- ##
## confdefs.h. ##
## ----------- ##

#define PACKAGE_BUGREPORT ""
#define PACKAGE_NAME "lpsolve"
#define PACKAGE_STRING "lpsolve 5.5.2.3"
#define PACKAGE_TARNAME "lpsolve"
#define PACKAGE_VERSION "5.5.2.3"

configure: exit 1
